Log file open, 03/05/15 19:47:20
LogInit:Display: Running engine for game: MyProject
LogInit: Version: 4.7.2-2467323+++depot+UE4-Releases+4.7
LogInit: API Version: 2455222
LogInit: Compiled (64-bit): Mar  2 2015 23:16:34
LogInit: Compiled with Visual C++: 18.00.21005.01
LogInit: Build Configuration: Development
LogInit: Branch Name: ++depot+UE4-Releases+4.7
LogInit: Command line: 
LogInit: Base directory: C:/Program Files/Epic Games/4.7/Engine/Binaries/Win64/
LogInit: Rocket: 1
[2015.03.05-10.47.20:189][  0]LogTaskGraph: Started task graph with 3 named threads and 4 total threads.
[2015.03.05-10.47.20:234][  0]LogOnline:Warning: No default platform service specified for OnlineSubsystem
[2015.03.05-10.47.20:257][  0]LogInit: Presizing for 0 objects not considered by GC, pre-allocating 0 bytes.
[2015.03.05-10.47.20:272][  0]LogInit: Object subsystem initialized
[2015.03.05-10.47.20:275][  0]LogConsoleResponse:Warning: Skipping Unknown console variable: 'TranslucentSortAxis = (X=0.000000,Y=-1.000000,Z=0.000000)'
[2015.03.05-10.47.20:275][  0]LogConsoleResponse:Warning:   Found in ini file 'C:/Users/Penner/Documents/Unreal Projects/MyProject/Saved/Config/Windows/Engine.ini', in section '[/Script/Engine.RendererSettings]'
[2015.03.05-10.47.20:276][  0]LogConsoleResponse:Warning: Skipping Unknown console variable: 'UIScaleRule = ShortestSide'
[2015.03.05-10.47.20:276][  0]LogConsoleResponse:Warning:   Found in ini file 'C:/Users/Penner/Documents/Unreal Projects/MyProject/Saved/Config/Windows/Engine.ini', in section '[/Script/Engine.RendererSettings]'
[2015.03.05-10.47.20:276][  0]LogConsoleResponse:Warning: Skipping Unknown console variable: 'UIScaleCurve = (EditorCurveData=(Keys=),ExternalCurve=None)'
[2015.03.05-10.47.20:276][  0]LogConsoleResponse:Warning:   Found in ini file 'C:/Users/Penner/Documents/Unreal Projects/MyProject/Saved/Config/Windows/Engine.ini', in section '[/Script/Engine.RendererSettings]'
[2015.03.05-10.47.20:276][  0]LogInit: Selected Device Profile: [Windows]
[2015.03.05-10.47.20:276][  0]LogInit: Applying CVar settings loaded from the selected device profile: [Windows]
[2015.03.05-10.47.20:297][  0]LogInit: Computer: HTPC
[2015.03.05-10.47.20:297][  0]LogInit: User: Penner
[2015.03.05-10.47.20:297][  0]LogInit: CPU Page size=4096, Cores=2
[2015.03.05-10.47.20:297][  0]LogInit: High frequency timer resolution =14.318180 MHz
[2015.03.05-10.47.20:298][  0]LogMemory: Memory total: Physical=7.7GB (8GB approx) Virtual=131072.0GB
[2015.03.05-10.47.20:298][  0]LogMemory: Platform Memory Stats for Windows
[2015.03.05-10.47.20:298][  0]LogMemory: Process Physical Memory: 45.08 MB used, 45.08 MB peak
[2015.03.05-10.47.20:298][  0]LogMemory: Process Virtual Memory: 22.08 MB used, 22.08 MB peak
[2015.03.05-10.47.20:298][  0]LogMemory: Physical Memory: 2986.92 MB used, 7915.76 MB total
[2015.03.05-10.47.20:298][  0]LogMemory: Virtual Memory: 281.20 MB used, 134217728.00 MB total
[2015.03.05-10.47.20:321][  0]LogD3D11RHI: Found D3D11 adapter 0: AMD Radeon HD 6410D (Feature Level 11_0)
[2015.03.05-10.47.20:321][  0]LogD3D11RHI: Adapter has 239MB of dedicated video memory, 0MB of dedicated system memory, and 3712MB of shared system memory, 2 output[s]
[2015.03.05-10.47.20:324][  0]LogD3D11RHI: Found D3D11 adapter 1: Microsoft Basic Render Driver (Feature Level 11_0)
[2015.03.05-10.47.20:324][  0]LogD3D11RHI: Adapter has 0MB of dedicated video memory, 0MB of dedicated system memory, and 256MB of shared system memory, 0 output[s]
[2015.03.05-10.47.20:324][  0]LogD3D11RHI: Chosen D3D11 Adapter Id = 0
[2015.03.05-10.47.20:332][  0]LogRHI: Texture pool is 167 MB (70% of 239 MB)
[2015.03.05-10.47.20:343][  0]LogD3D11RHI: Async texture creation disabled: no driver support
[2015.03.05-10.47.20:415][  0]LogTextLocalizationManager: The requested culture ('en') has no localization data; parent culture's ('ja') localization data will be used.
[2015.03.05-10.47.20:690][  0]LogContentStreaming: Texture pool size is 0.000000MB
[2015.03.05-10.47.24:734][  0]LogTargetPlatformManager:Display: Building Assets For Windows
[2015.03.05-10.47.25:800][  0]LogTargetPlatformManager:Display: Building Assets For Windows
[2015.03.05-10.47.25:902][  0]LogDerivedDataCache:Display: Max Cache Size: 512 MB
[2015.03.05-10.47.26:012][  0]LogDerivedDataCache: Loaded boot cache 0.11s 39MB C:/Users/Penner/AppData/Local/UnrealEngine/4.7/DerivedDataCache/Boot.ddc.
[2015.03.05-10.47.26:012][  0]LogDerivedDataCache:Display: Loaded Boot cache: C:/Users/Penner/AppData/Local/UnrealEngine/4.7/DerivedDataCache/Boot.ddc
[2015.03.05-10.47.26:012][  0]LogDerivedDataCache: FDerivedDataBackendGraph:  Pak pak cache file ../../../../../../Users/Penner/Documents/Unreal Projects/MyProject/DerivedDataCache/DDC.ddp not found, will not use a pak cache.
[2015.03.05-10.47.26:012][  0]LogDerivedDataCache: Unable to find inner node Pak for hierarchical cache Hierarchy.
[2015.03.05-10.47.26:175][  0]LogDerivedDataCache:Display: Pak cache opened for reading ../../../Engine/DerivedDataCache/Compressed.ddp.
[2015.03.05-10.47.26:188][  0]LogDerivedDataCache: Using Local data cache path C:/Users/Penner/AppData/Local/UnrealEngine/Common/DerivedDataCache: Writable
[2015.03.05-10.47.26:711][  0]LogMeshUtilities: No automatic mesh reduction module available
[2015.03.05-10.47.26:711][  0]LogMeshUtilities: No automatic mesh merging module available
[2015.03.05-10.47.27:429][  0]LogInit: WinSock: version 1.1 (2.2), MaxSocks=32767, MaxUdp=65467
[2015.03.05-10.47.27:563][  0]LogSlate:Warning: Failed to load font data from '../../../Engine/Content/Slate/Fonts/Roboto-Italic.ttf'
[2015.03.05-10.47.29:080][  0]UdpMessaging: Initializing bridge on interface 0.0.0.0:0 to multicast group 230.0.0.1:6666.
[2015.03.05-10.47.29:420][  0]SourceControl: Info Source control is disabled
[2015.03.05-10.47.29:420][  0]SourceControl: Info Source control is disabled
[2015.03.05-10.47.29:420][  0]SourceControl: Info Source control is disabled
[2015.03.05-10.47.29:436][  0]SourceControl: Info Source control is disabled
[2015.03.05-10.47.29:769][  0]LogObj: 24231 objects as part of root set at end of initial load.
[2015.03.05-10.47.29:769][  0]LogUObjectAllocator: 5136440 out of 0 bytes used by permanent object pool.
[2015.03.05-10.47.29:911][  0]LogEngine: Initializing Engine...
[2015.03.05-10.47.32:216][  0]LogInit: XAudio2 using 'Speakers (High Definition Audio Device)' : 2 channels at 44.1 kHz using 16 bits per sample (channel mask 0x3)
[2015.03.05-10.47.32:234][  0]LogInit: FAudioDevice initialized.
[2015.03.05-10.47.32:301][  0]LogAIModule: Creating AISystem for world NewWorld
[2015.03.05-10.47.32:351][  0]LogDerivedDataCache: Saved boot cache 0.05s 39MB C:/Users/Penner/AppData/Local/UnrealEngine/4.7/DerivedDataCache/Boot.ddc.
[2015.03.05-10.47.32:363][  0]LogInit: Texture streaming: Enabled
[2015.03.05-10.47.32:538][  0]LogAnalytics: Creating configured Analytics provider AnalyticsET
[2015.03.05-10.47.32:538][  0]LogAnalytics: ET APIKey = Rocket.Release. APIServer = http://et2.epicgames.com/ET2/. AppVersion = 4.7.2-2467323+++depot+UE4-Releases+4.7
[2015.03.05-10.47.32:538][  0]LogAnalytics: ET APIKey = Rocket.Release. DataRouterUploadURL = https://datarouter-public-service-gamedev.ol.epicgames.net/datarouter/api/v1/public/data. AppVersion = 4.7.2-2467323+++depot+UE4-Releases+4.7
[2015.03.05-10.47.32:538][  0]LogAnalytics: SetUserId 85b27d854d5ea908366ebc8c3d7e8dd6|0674dcb1897447579c28ab054defc83b|f1dc8249-5176-4762-9018-53e46218e605
[2015.03.05-10.47.32:538][  0]LogAnalytics: AnalyticsET::StartSession [Rocket.Release]
[2015.03.05-10.47.32:587][  0]LogInit: Transaction tracking system initialized
[2015.03.05-10.47.32:902][  0]BlueprintLog: New page: Editor Load
[2015.03.05-10.47.32:959][  0]LogAssetRegistry: FAssetRegistry took 0.0106 seconds to start up
[2015.03.05-10.47.32:960][  0]LogDirectoryWatcher:Warning: Failed to begin reading directory changes for ../../../Engine/Plugins/Experimental/CharacterAI/Content/. Error: 0
[2015.03.05-10.47.34:196][  0]LogTargetPlatformManager:Display: Building Assets For Windows
[2015.03.05-10.47.35:021][  0]LogTargetPlatformManager:Display: Building Assets For Windows
[2015.03.05-10.47.35:470][  0]LogSlate:Warning: Failed to load font data from '../../../Engine/Content/Editor/Slate/Fonts/Roboto-Regular.ttf'
[2015.03.05-10.47.35:470][  0]LogSlate:Warning: Failed to load font data from '../../../Engine/Content/Editor/Slate/Fonts/Roboto-Bold.ttf'
[2015.03.05-10.47.35:543][  0]LogConsoleResponse:Display: 
[2015.03.05-10.47.35:854][  0]LogCook:Display: Done creating registry. It took  0.00s.
[2015.03.05-10.47.36:108][  0]SourceControl: Info Source control is disabled
[2015.03.05-10.47.36:109][  0]Cmd: MAP LOAD FILE="../../../../../../Users/Penner/Documents/Unreal Projects/MyProject/Content/StarterContent/Maps/Minimal_Default.umap" TEMPLATE=0 SHOWPROGRESS=1 FEATURELEVEL=3
[2015.03.05-10.47.36:120][  0]LightingResults: New page: Lighting Build
[2015.03.05-10.47.36:142][  0]MapCheck: New page: Map Check
[2015.03.05-10.47.36:142][  0]LightingResults: New page: Lighting Build
[2015.03.05-10.47.36:167][  0]LogParticles: Destroying 0 GPU particle simulations for FXSystem 0x000000010355C9A0
[2015.03.05-10.47.38:484][  0]LogEditorServer: Finished looking for orphan Actors (0.000 secs)
[2015.03.05-10.47.38:484][  0]LogAIModule: Creating AISystem for world Minimal_Default
[2015.03.05-10.47.38:485][  0]Cmd: MAP CHECKDEP
[2015.03.05-10.47.38:486][  0]MapCheck: New page: Minimal_Default - Mar 6, 2015, 4:47:38 AM
[2015.03.05-10.47.38:684][  0]MapCheck: Info Map check complete: 0 Error(s), 0 Warning(s), took 198.311ms to complete.
[2015.03.05-10.47.38:684][  0]LogFileHelpers: Loading map 'Minimal_Default' took 2.576
[2015.03.05-10.47.38:941][  0]LogCollectionManager: Loaded 0 collections in 0.003338 seconds
[2015.03.05-10.47.38:958][  0]LogContentBrowser: Native class hierarchy populated in 0.0168 seconds. Added 1696 classes and 261 folders.
[2015.03.05-10.47.39:032][  0]LogContentBrowser: Native class hierarchy updated for 'SceneOutliner' in 0.0038 seconds. Added 1 classes and 2 folders.
[2015.03.05-10.47.39:134][  0]LogCrashTracker: Crashtracker disabled due to settings.
[2015.03.05-10.47.39:136][  0]LogSlate:Warning: Failed to load font data from 'Veranda'
[2015.03.05-10.47.39:142][  0]LogUObjectGlobals:Warning: Failed to find object 'Class None.'
[2015.03.05-10.47.39:183][  0]LogLoad: Full Startup: 21.55 seconds (BP compile: 0.14 seconds)
[2015.03.05-10.47.39:223][  0]LogContentBrowser:Verbose: The content browser source was changed by the sources view to '/Game/StarterContent/Architecture'
[2015.03.05-10.47.39:487][  0]LogRenderer:Warning: Reallocating scene render targets to support 32x32 (Frame:2).
[2015.03.05-10.47.39:854][  0]LogRenderer:Warning: Reallocating scene render targets to support 1208x576 (Frame:3).
[2015.03.05-10.47.40:892][  9]LogAssetRegistry: Asset discovery search completed in 7.9443 seconds
[2015.03.05-10.48.24:155][919]LogSourceControl: RunCommandInternalRaw: 'git version'
[2015.03.05-10.48.24:156][919]LogSourceControl: RunCommandInternalRaw: ExecProcess ReturnCode=2 OutResults=''
[2015.03.05-10.48.31:240][103]LogSourceControl: RunCommandInternalRaw: 'git version'
[2015.03.05-10.48.31:240][103]LogSourceControl: RunCommandInternalRaw: ExecProcess ReturnCode=2 OutResults=''
[2015.03.05-10.48.33:111][140]LogSourceControl: RunCommandInternalRaw: 'git version'
[2015.03.05-10.48.33:112][140]LogSourceControl: RunCommandInternalRaw: ExecProcess ReturnCode=2 OutResults=''
[2015.03.05-10.48.33:112][140]LogSourceControl: RunCommandInternalRaw: 'git version'
[2015.03.05-10.48.33:112][140]LogSourceControl: RunCommandInternalRaw: ExecProcess ReturnCode=2 OutResults=''
[2015.03.05-10.48.33:164][141]SourceControl:Error: Error Failed to connect to source control. Check your settings and connection then try again.
[2015.03.05-10.48.40:279][333]LogSourceControl: RunCommandInternalRaw: 'git version'
[2015.03.05-10.48.40:280][333]LogSourceControl: RunCommandInternalRaw: ExecProcess ReturnCode=2 OutResults=''
[2015.03.05-10.48.40:746][342]LogSourceControl: RunCommandInternalRaw: 'git version'
[2015.03.05-10.48.40:747][342]LogSourceControl: RunCommandInternalRaw: ExecProcess ReturnCode=2 OutResults=''
[2015.03.05-10.48.41:112][349]LogSourceControl: RunCommandInternalRaw: 'git version'
[2015.03.05-10.48.41:112][349]LogSourceControl: RunCommandInternalRaw: ExecProcess ReturnCode=2 OutResults=''
[2015.03.05-10.48.43:112][386]LogSourceControl: RunCommandInternalRaw: 'git version'
[2015.03.05-10.48.43:115][386]LogSourceControl: RunCommandInternalRaw: ExecProcess ReturnCode=2 OutResults=''
[2015.03.05-10.48.43:115][386]LogSourceControl: RunCommandInternalRaw: 'git version'
[2015.03.05-10.48.43:115][386]LogSourceControl: RunCommandInternalRaw: ExecProcess ReturnCode=2 OutResults=''
[2015.03.05-10.48.43:236][388]SourceControl:Error: Error Failed to connect to source control. Check your settings and connection then try again.
[2015.03.05-10.49.19:356][737]SourceControl:Error: Error Failed to connect to source control. Check your settings and connection then try again.
[2015.03.05-10.49.25:801][886]LogSourceControl: RunCommandInternalRaw: 'git version'
[2015.03.05-10.49.25:802][886]LogSourceControl: RunCommandInternalRaw: ExecProcess ReturnCode=2 OutResults=''
[2015.03.05-10.49.27:529][919]LogSourceControl: RunCommandInternalRaw: 'git version'
[2015.03.05-10.49.27:530][919]LogSourceControl: RunCommandInternalRaw: ExecProcess ReturnCode=2 OutResults=''
[2015.03.05-10.49.27:906][926]LogSourceControl: RunCommandInternalRaw: 'git version'
[2015.03.05-10.49.27:907][926]LogSourceControl: RunCommandInternalRaw: ExecProcess ReturnCode=2 OutResults=''
[2015.03.05-10.49.28:175][931]LogSourceControl: RunCommandInternalRaw: 'git version'
[2015.03.05-10.49.28:176][931]LogSourceControl: RunCommandInternalRaw: ExecProcess ReturnCode=2 OutResults=''
[2015.03.05-10.49.28:824][943]LogSourceControl: RunCommandInternalRaw: 'git version'
[2015.03.05-10.49.28:825][943]LogSourceControl: RunCommandInternalRaw: ExecProcess ReturnCode=2 OutResults=''
[2015.03.05-10.49.29:308][952]LogSourceControl: RunCommandInternalRaw: 'git version'
[2015.03.05-10.49.29:309][952]LogSourceControl: RunCommandInternalRaw: ExecProcess ReturnCode=2 OutResults=''
[2015.03.05-10.49.29:523][956]LogSourceControl: RunCommandInternalRaw: 'git version'
[2015.03.05-10.49.29:524][956]LogSourceControl: RunCommandInternalRaw: ExecProcess ReturnCode=2 OutResults=''
[2015.03.05-10.49.29:730][960]LogSourceControl: RunCommandInternalRaw: 'git version'
[2015.03.05-10.49.29:731][960]LogSourceControl: RunCommandInternalRaw: ExecProcess ReturnCode=2 OutResults=''
[2015.03.05-10.49.30:354][972]LogSourceControl: RunCommandInternalRaw: 'git version'
[2015.03.05-10.49.30:355][972]LogSourceControl: RunCommandInternalRaw: ExecProcess ReturnCode=2 OutResults=''
[2015.03.05-10.49.30:356][972]LogSourceControl: RunCommandInternalRaw: 'git version'
[2015.03.05-10.49.30:356][972]LogSourceControl: RunCommandInternalRaw: ExecProcess ReturnCode=2 OutResults=''
[2015.03.05-10.49.30:357][972]LogSourceControl: RunCommandInternalRaw: 'git version'
[2015.03.05-10.49.30:357][972]LogSourceControl: RunCommandInternalRaw: ExecProcess ReturnCode=2 OutResults=''
[2015.03.05-10.49.35:186][ 64]LogSourceControl: RunCommandInternalRaw: 'git version'
[2015.03.05-10.49.35:186][ 64]LogSourceControl: RunCommandInternalRaw: ExecProcess ReturnCode=2 OutResults=''
[2015.03.05-10.49.36:203][ 83]LogSourceControl: RunCommandInternalRaw: 'git version'
[2015.03.05-10.49.36:204][ 83]LogSourceControl: RunCommandInternalRaw: ExecProcess ReturnCode=2 OutResults=''
[2015.03.05-10.49.37:919][115]LogSourceControl: RunCommandInternalRaw: 'git version'
[2015.03.05-10.49.37:920][115]LogSourceControl: RunCommandInternalRaw: ExecProcess ReturnCode=2 OutResults=''
[2015.03.05-10.49.37:920][115]LogSourceControl: RunCommandInternalRaw: 'git version'
[2015.03.05-10.49.37:921][115]LogSourceControl: RunCommandInternalRaw: ExecProcess ReturnCode=2 OutResults=''
[2015.03.05-10.49.38:043][118]SourceControl:Error: Error Failed to connect to source control. Check your settings and connection then try again.
[2015.03.05-10.49.51:375][390]SourceControl:Error: Error Failed to connect to source control. Check your settings and connection then try again.
[2015.03.05-10.51.50:440][436]LogSourceControl: RunCommandInternalRaw: 'git version'
[2015.03.05-10.51.50:441][436]LogSourceControl: RunCommandInternalRaw: ExecProcess ReturnCode=2 OutResults=''
[2015.03.05-10.51.50:441][436]LogSourceControl: RunCommandInternalRaw: 'git version'
[2015.03.05-10.51.50:441][436]LogSourceControl: RunCommandInternalRaw: ExecProcess ReturnCode=2 OutResults=''
[2015.03.05-10.53.09:739][714]LogSourceControl: RunCommandInternalRaw: 'git version'
[2015.03.05-10.53.09:739][714]LogSourceControl: RunCommandInternalRaw: ExecProcess ReturnCode=2 OutResults=''
[2015.03.05-10.53.09:739][714]LogSourceControl: RunCommandInternalRaw: 'git version'
[2015.03.05-10.53.09:740][714]LogSourceControl: RunCommandInternalRaw: ExecProcess ReturnCode=2 OutResults=''
[2015.03.05-10.53.09:848][716]SourceControl: Info Source control is disabled
[2015.03.05-10.53.46:882][282]LogWindows: LaunchURL http://epicgames.com
[2015.03.05-11.10.28:076][517]LogSourceControl: RunCommandInternalRaw: 'git version'
[2015.03.05-11.10.28:076][517]LogSourceControl: RunCommandInternalRaw: ExecProcess ReturnCode=2 OutResults=''
[2015.03.05-11.10.41:184][722]LogSourceControl:Error: P4ERROR: Invalid connection to server.
[2015.03.05-11.10.41:184][722]LogSourceControl:Error: Connect to server failed; check $P4PORT.
TCP connect to orbithammer:1666 failed.
No such host is known. 

[2015.03.05-11.11.20:681][ 15]SourceControl: Info Source control is disabled
[2015.03.05-11.12.02:082][780]LightingResults: New page: Lighting Build
[2015.03.05-11.12.02:083][780]MapCheck: New page: Map Check
[2015.03.05-11.12.02:083][780]LightingResults: New page: Lighting Build
[2015.03.05-11.12.02:126][780]LogParticles: Destroying 0 GPU particle simulations for FXSystem 0x000000010B73F1A0
[2015.03.05-11.12.02:142][780]LogAIModule: Creating AISystem for world NewWorld
[2015.03.05-11.12.02:152][780]LoadErrors: New page: New Map
[2015.03.05-11.12.02:305][781]LogEditorViewport: Clicking Background
[2015.03.05-11.18.34:268][527]LogNavigationPoint: PostEditMove Clear paths rebuilt
[2015.03.05-11.18.39:274][648]LogNavigationPoint: PostEditMove Clear paths rebuilt
[2015.03.05-11.19.37:302][ 55]LogContentBrowser:Verbose: The content browser source was changed by the sources view to '/Game/StarterContent/Props'
[2015.03.05-11.19.41:093][124]LogActorFactory: Actor Factory created SM_TableRound
[2015.03.05-11.19.47:777][286]LogActorFactory: Actor Factory created SM_TableRound
[2015.03.05-11.22.01:840][109]LogContentBrowser:Verbose: The content browser source was changed by the sources view to '/Game/StarterContent/Architecture'
[2015.03.05-11.22.02:443][115]LogSavePackage: Save=24.109070ms
[2015.03.05-11.22.02:443][115]LogSavePackage: Moving '../../../../../../Users/Penner/Documents/Unreal Projects/MyProject/Saved/Untitled_1_Auto1FD8DEE154A085C0BAE502B97306A1B58.tmp' to '../../../../../../Users/Penner/Documents/Unreal Projects/MyProject/Saved/Autosaves/Temp/Untitled_1_Auto1.umap'
[2015.03.05-11.22.02:464][115]LogFileHelpers: Editor autosave (incl. sublevels) for '/Temp/Untitled_1' took 0.171
[2015.03.05-11.22.02:464][115]LogFileHelpers: Editor autosave (incl. sublevels) for all levels took 0.171
[2015.03.05-11.22.10:680][297]LogStaticMesh: Building static mesh Wall_Door_400x400...
[2015.03.05-11.22.10:783][297]LogStaticMesh: Built static mesh [103.187836ms] /Game/StarterContent/Architecture/Wall_Door_400x400.Wall_Door_400x400
[2015.03.05-11.22.10:896][298]LogActorFactory: Actor Factory created Wall_Door_400x400
[2015.03.05-11.22.16:113][422]LogActorFactory: Actor Factory created Wall_Door_400x400
[2015.03.05-11.27.16:926][473]LogEditorViewport: Clicking Background
[2015.03.05-11.27.34:578][687]Cmd: OBJ SAVEPACKAGE PACKAGE="/Game/Maps/TutorialMap" FILE="../../../../../../Users/Penner/Documents/Unreal Projects/MyProject/Content/Maps/TutorialMap.umap" SILENT=true AUTOSAVING=false KEEPDIRTY=false
[2015.03.05-11.27.34:651][687]LogSavePackage: Save=31.045425ms
[2015.03.05-11.27.34:651][687]LogSavePackage: Moving '../../../../../../Users/Penner/Documents/Unreal Projects/MyProject/Saved/TutorialMap5DEA620D4003886BF7D9998E7A2697BD.tmp' to '../../../../../../Users/Penner/Documents/Unreal Projects/MyProject/Content/Maps/TutorialMap.umap'
[2015.03.05-11.27.34:727][687]LogFileHelpers: Saving map 'TutorialMap' took 1.869
[2015.03.05-11.27.51:508][242]Cmd: QUIT_EDITOR
[2015.03.05-11.27.52:211][242]LogExit: Preparing to exit.
[2015.03.05-11.27.53:405][242]LogExit: Editor shut down
[2015.03.05-11.27.53:407][242]LogExit: Transaction tracking system shut down
[2015.03.05-11.27.53:410][242]LogParticles: Destroying 0 GPU particle simulations for FXSystem 0x000000011927E0C0
[2015.03.05-11.27.53:411][242]LogParticles: Destroying 0 GPU particle simulations for FXSystem 0x000000010C815EE0
[2015.03.05-11.27.53:570][242]LogParticles: Destroying 0 GPU particle simulations for FXSystem 0x0000000118F69760
[2015.03.05-11.27.53:570][242]LogParticles: Destroying 0 GPU particle simulations for FXSystem 0x000000010FD551C0
[2015.03.05-11.27.53:570][242]LogExit: Object subsystem successfully closed.
[2015.03.05-11.27.53:682][242]LogModuleManager: Shutting down and abandoning module NewLevelDialog (178)
[2015.03.05-11.27.53:682][242]LogModuleManager: Shutting down and abandoning module CrashTracker (177)
[2015.03.05-11.27.53:682][242]LogModuleManager: Shutting down and abandoning module SuperSearch (176)
[2015.03.05-11.27.53:682][242]LogModuleManager: Shutting down and abandoning module SceneOutliner (175)
[2015.03.05-11.27.53:682][242]LogModuleManager: Shutting down and abandoning module EditorWidgets (174)
[2015.03.05-11.27.53:682][242]LogModuleManager: Shutting down and abandoning module CollectionManager (173)
[2015.03.05-11.27.53:682][242]LogModuleManager: Shutting down and abandoning module StatsViewer (172)
[2015.03.05-11.27.53:682][242]LogModuleManager: Shutting down and abandoning module FoliageEdit (171)
[2015.03.05-11.27.53:682][242]LogModuleManager: Shutting down and abandoning module LandscapeEditor (170)
[2015.03.05-11.27.53:682][242]LogModuleManager: Shutting down and abandoning module MeshPaint (169)
[2015.03.05-11.27.53:682][242]LogModuleManager: Shutting down and abandoning module ActorPickerMode (168)
[2015.03.05-11.27.53:682][242]LogModuleManager: Shutting down and abandoning module GeometryMode (167)
[2015.03.05-11.27.53:682][242]LogModuleManager: Shutting down and abandoning module TextureAlignMode (166)
[2015.03.05-11.27.53:682][242]LogModuleManager: Shutting down and abandoning module BspMode (165)
[2015.03.05-11.27.53:682][242]LogModuleManager: Shutting down and abandoning module PlacementMode (164)
[2015.03.05-11.27.53:682][242]LogModuleManager: Shutting down and abandoning module AutomationWorker (163)
[2015.03.05-11.27.53:682][242]LogModuleManager: Shutting down and abandoning module CharacterAI (162)
[2015.03.05-11.27.53:683][242]LogModuleManager: Shutting down and abandoning module SmartSnapping (161)
[2015.03.05-11.27.53:683][242]LogModuleManager: Shutting down and abandoning module ViewportSnapping (160)
[2015.03.05-11.27.53:683][242]LogModuleManager: Shutting down and abandoning module LogVisualizer (159)
[2015.03.05-11.27.53:683][242]LogModuleManager: Shutting down and abandoning module GameProjectGeneration (158)
[2015.03.05-11.27.53:683][242]LogModuleManager: Shutting down and abandoning module IntroTutorials (157)
[2015.03.05-11.27.53:683][242]LogModuleManager: Shutting down and abandoning module EditorLiveStreaming (156)
[2015.03.05-11.27.53:683][242]LogModuleManager: Shutting down and abandoning module HardwareTargeting (155)
[2015.03.05-11.27.53:683][242]LogModuleManager: Shutting down and abandoning module DeviceProfileEditor (154)
[2015.03.05-11.27.53:683][242]LogModuleManager: Shutting down and abandoning module UndoHistory (153)
[2015.03.05-11.27.53:683][242]LogModuleManager: Shutting down and abandoning module GameplayTagsEditor (152)
[2015.03.05-11.27.53:683][242]LogModuleManager: Shutting down and abandoning module UserFeedback (151)
[2015.03.05-11.27.53:683][242]LogModuleManager: Shutting down and abandoning module XmlParser (150)
[2015.03.05-11.27.53:683][242]LogModuleManager: Shutting down and abandoning module Blutility (149)
[2015.03.05-11.27.53:683][242]LogModuleManager: Shutting down and abandoning module IOSPlatformEditor (148)
[2015.03.05-11.27.53:683][242]LogModuleManager: Shutting down and abandoning module IOSRuntimeSettings (147)
[2015.03.05-11.27.53:683][242]LogModuleManager: Shutting down and abandoning module AndroidDeviceDetection (146)
[2015.03.05-11.27.54:026][242]LogModuleManager: Shutting down and abandoning module AndroidPlatformEditor (145)
[2015.03.05-11.27.54:026][242]LogModuleManager: Shutting down and abandoning module AndroidRuntimeSettings (144)
[2015.03.05-11.27.54:026][242]LogModuleManager: Shutting down and abandoning module ProjectTargetPlatformEditor (143)
[2015.03.05-11.27.54:026][242]LogModuleManager: Shutting down and abandoning module ProjectSettingsViewer (142)
[2015.03.05-11.27.54:026][242]LogModuleManager: Shutting down and abandoning module InputBindingEditor (141)
[2015.03.05-11.27.54:026][242]LogModuleManager: Shutting down and abandoning module EditorSettingsViewer (140)
[2015.03.05-11.27.54:026][242]LogModuleManager: Shutting down and abandoning module SettingsEditor (139)
[2015.03.05-11.27.54:026][242]LogModuleManager: Shutting down and abandoning module ProjectLauncher (138)
[2015.03.05-11.27.54:026][242]LogModuleManager: Shutting down and abandoning module SessionFrontend (137)
[2015.03.05-11.27.54:026][242]LogModuleManager: Shutting down and abandoning module ProfilerClient (136)
[2015.03.05-11.27.54:026][242]LogModuleManager: Shutting down and abandoning module TargetDeviceServices (135)
[2015.03.05-11.27.54:026][242]LogModuleManager: Shutting down and abandoning module DeviceManager (134)
[2015.03.05-11.27.54:027][242]LogModuleManager: Shutting down and abandoning module AutomationController (133)
[2015.03.05-11.27.54:027][242]LogModuleManager: Shutting down and abandoning module AutomationWindow (132)
[2015.03.05-11.27.54:027][242]LogModuleManager: Shutting down and abandoning module Layers (131)
[2015.03.05-11.27.54:027][242]LogModuleManager: Shutting down and abandoning module ComponentVisualizers (130)
[2015.03.05-11.27.54:027][242]LogModuleManager: Shutting down and abandoning module DetailCustomizations (129)
[2015.03.05-11.27.54:027][242]LogModuleManager: Shutting down and abandoning module PackagesDialog (128)
[2015.03.05-11.27.54:027][242]LogModuleManager: Shutting down and abandoning module AssetRegistry (127)
[2015.03.05-11.27.54:151][242]LogModuleManager: Shutting down and abandoning module Persona (126)
[2015.03.05-11.27.54:151][242]LogModuleManager: Shutting down and abandoning module SlateReflector (125)
[2015.03.05-11.27.54:151][242]LogModuleManager: Shutting down and abandoning module LevelEditor (124)
[2015.03.05-11.27.54:152][242]LogModuleManager: Shutting down and abandoning module Kismet (123)
[2015.03.05-11.27.54:152][242]LogModuleManager: Shutting down and abandoning module GraphEditor (122)
[2015.03.05-11.27.54:152][242]LogModuleManager: Shutting down and abandoning module ClassViewer (121)
[2015.03.05-11.27.54:152][242]LogModuleManager: Shutting down and abandoning module Toolbox (120)
[2015.03.05-11.27.54:152][242]LogModuleManager: Shutting down and abandoning module ModuleUI (119)
[2015.03.05-11.27.54:152][242]LogModuleManager: Shutting down and abandoning module MovieSceneTools (118)
[2015.03.05-11.27.54:152][242]LogModuleManager: Shutting down and abandoning module OutputLog (117)
[2015.03.05-11.27.54:152][242]LogModuleManager: Shutting down and abandoning module GammaUI (116)
[2015.03.05-11.27.54:152][242]LogModuleManager: Shutting down and abandoning module Documentation (115)
[2015.03.05-11.27.54:152][242]LogModuleManager: Shutting down and abandoning module GameLiveStreaming (114)
[2015.03.05-11.27.54:152][242]LogModuleManager: Shutting down and abandoning module StreamingPauseRendering (113)
[2015.03.05-11.27.54:153][242]LogModuleManager: Shutting down and abandoning module HTTP (112)
[2015.03.05-11.27.54:153][242]LogModuleManager: Shutting down and abandoning module AnalyticsET (111)
[2015.03.05-11.27.54:153][242]LogModuleManager: Shutting down and abandoning module Analytics (110)
[2015.03.05-11.27.54:153][242]LogModuleManager: Shutting down and abandoning module AITestSuite (109)
[2015.03.05-11.27.54:153][242]LogModuleManager: Shutting down and abandoning module GameplayDebugger (108)
[2015.03.05-11.27.54:153][242]LogModuleManager: Shutting down and abandoning module AIModule (107)
[2015.03.05-11.27.54:153][242]LogModuleManager: Shutting down and abandoning module ProfilerService (106)
[2015.03.05-11.27.54:216][242]LogModuleManager: Shutting down and abandoning module TaskGraph (105)
[2015.03.05-11.27.54:216][242]LogModuleManager: Shutting down and abandoning module SlateRemote (104)
[2015.03.05-11.27.54:216][242]LogModuleManager: Shutting down and abandoning module ScriptEditorPlugin (103)
[2015.03.05-11.27.54:216][242]LogModuleManager: Shutting down and abandoning module CustomMeshComponent (102)
[2015.03.05-11.27.54:216][242]LogModuleManager: Shutting down and abandoning module CableComponent (101)
[2015.03.05-11.27.54:216][242]LogModuleManager: Shutting down and abandoning module MessagingDebugger (100)
[2015.03.05-11.27.54:216][242]LogModuleManager: Shutting down and abandoning module MediaPlayerEditor (99)
[2015.03.05-11.27.54:216][242]LogModuleManager: Shutting down and abandoning module SpeedTreeImporter (98)
[2015.03.05-11.27.54:216][242]LogModuleManager: Shutting down and abandoning module PluginsEditor (97)
[2015.03.05-11.27.54:216][242]LogModuleManager: Shutting down and abandoning module MainFrame (96)
[2015.03.05-11.27.54:216][242]LogModuleManager: Shutting down and abandoning module EpicSurvey (95)
[2015.03.05-11.27.54:216][242]LogModuleManager: Shutting down and abandoning module DesktopPlatform (94)
[2015.03.05-11.27.54:216][242]LogModuleManager: Shutting down and abandoning module DirectoryWatcher (93)
[2015.03.05-11.27.54:219][242]LogModuleManager: Shutting down and abandoning module HotReload (92)
[2015.03.05-11.27.54:219][242]LogModuleManager: Shutting down and abandoning module VisualStudioSourceCodeAccess (91)
[2015.03.05-11.27.54:219][242]LogModuleManager: Shutting down and abandoning module UObjectPlugin (90)
[2015.03.05-11.27.54:219][242]LogModuleManager: Shutting down and abandoning module SubversionSourceControl (89)
[2015.03.05-11.27.54:219][242]LogModuleManager: Shutting down and abandoning module PerforceSourceControl (88)
[2015.03.05-11.27.54:219][242]LogModuleManager: Shutting down and abandoning module SourceControl (87)
[2015.03.05-11.27.54:219][242]LogModuleManager: Shutting down and abandoning module GitSourceControl (86)
[2015.03.05-11.27.54:219][242]LogModuleManager: Shutting down and abandoning module BlankPlugin (85)
[2015.03.05-11.27.54:219][242]LogModuleManager: Shutting down and abandoning module PaperTiledImporter (84)
[2015.03.05-11.27.54:219][242]LogModuleManager: Shutting down and abandoning module PaperJsonImporter (83)
[2015.03.05-11.27.54:219][242]LogModuleManager: Shutting down and abandoning module ContentBrowser (82)
[2015.03.05-11.27.54:221][242]LogModuleManager: Shutting down and abandoning module Paper2DEditor (81)
[2015.03.05-11.27.54:221][242]LogModuleManager: Shutting down and abandoning module ScriptPlugin (80)
[2015.03.05-11.27.54:221][242]LogModuleManager: Shutting down and abandoning module UdpMessaging (79)
[2015.03.05-11.27.54:321][242]LogModuleManager: Shutting down and abandoning module Paper2D (78)
[2015.03.05-11.27.54:321][242]LogModuleManager: Shutting down and abandoning module WindowsMoviePlayer (77)
[2015.03.05-11.27.54:327][242]LogModuleManager: Shutting down and abandoning module Media (76)
[2015.03.05-11.27.54:327][242]LogModuleManager: Shutting down and abandoning module WmfMedia (75)
[2015.03.05-11.27.54:327][242]LogModuleManager: Shutting down and abandoning module OnlineBlueprintSupport (74)
[2015.03.05-11.27.54:327][242]LogModuleManager: Shutting down and abandoning module PropertyEditor (73)
[2015.03.05-11.27.54:327][242]LogModuleManager: Shutting down and abandoning module BehaviorTreeEditor (72)
[2015.03.05-11.27.54:327][242]LogModuleManager: Shutting down and abandoning module FunctionalTesting (71)
[2015.03.05-11.27.54:327][242]LogModuleManager: Shutting down and abandoning module CollisionAnalyzer (70)
[2015.03.05-11.27.54:327][242]LogModuleManager: Shutting down and abandoning module WorkspaceMenuStructure (69)
[2015.03.05-11.27.54:327][242]LogModuleManager: Shutting down and abandoning module MessageLog (68)
[2015.03.05-11.27.54:327][242]LogModuleManager: Shutting down and abandoning module Sequencer (67)
[2015.03.05-11.27.54:327][242]LogModuleManager: Shutting down and abandoning module AssetTools (66)
[2015.03.05-11.27.54:327][242]LogModuleManager: Shutting down and abandoning module UMGEditor (65)
[2015.03.05-11.27.54:327][242]LogModuleManager: Shutting down and abandoning module UMG (64)
[2015.03.05-11.27.54:328][242]LogModuleManager: Shutting down and abandoning module Slate (63)
[2015.03.05-11.27.54:328][242]LogModuleManager: Shutting down and abandoning module EditorStyle (62)
[2015.03.05-11.27.54:334][242]LogModuleManager: Shutting down and abandoning module SessionServices (61)
[2015.03.05-11.27.54:334][242]LogModuleManager: Shutting down and abandoning module SourceCodeAccess (60)
[2015.03.05-11.27.54:334][242]LogModuleManager: Shutting down and abandoning module HeadMountedDisplay (59)
[2015.03.05-11.27.54:334][242]LogModuleManager: Shutting down and abandoning module XAudio2 (58)
[2015.03.05-11.27.54:334][242]LogModuleManager: Shutting down and abandoning module Networking (56)
[2015.03.05-11.27.54:334][242]LogModuleManager: Shutting down and abandoning module Core (55)
[2015.03.05-11.27.54:334][242]LogModuleManager: Shutting down and abandoning module KismetCompiler (54)
[2015.03.05-11.27.54:334][242]LogModuleManager: Shutting down and abandoning module PhysXFormats (53)
[2015.03.05-11.27.54:334][242]LogModuleManager: Shutting down and abandoning module MeshUtilities (52)
[2015.03.05-11.27.54:334][242]LogModuleManager: Shutting down and abandoning module DerivedDataCache (51)
[2015.03.05-11.27.54:411][242]LogDerivedDataCache: Shutdown
[2015.03.05-11.27.54:411][242]LogModuleManager: Shutting down and abandoning module ShaderFormatOpenGL (50)
[2015.03.05-11.27.54:411][242]LogModuleManager: Shutting down and abandoning module ShaderFormatD3D (49)
[2015.03.05-11.27.54:411][242]LogModuleManager: Shutting down and abandoning module MetalShaderFormat (48)
[2015.03.05-11.27.54:411][242]LogModuleManager: Shutting down and abandoning module TextureFormatUncompressed (47)
[2015.03.05-11.27.54:411][242]LogModuleManager: Shutting down and abandoning module TextureFormatPVR (46)
[2015.03.05-11.27.54:411][242]LogModuleManager: Shutting down and abandoning module TextureFormatIntelISPCTexComp (45)
[2015.03.05-11.27.54:411][242]LogModuleManager: Shutting down and abandoning module TextureFormatDXT (44)
[2015.03.05-11.27.54:411][242]LogModuleManager: Shutting down and abandoning module ImageWrapper (43)
[2015.03.05-11.27.54:411][242]LogModuleManager: Shutting down and abandoning module TextureFormatASTC (42)
[2015.03.05-11.27.54:411][242]LogModuleManager: Shutting down and abandoning module TextureFormatAndroid (41)
[2015.03.05-11.27.54:411][242]LogModuleManager: Shutting down and abandoning module AudioFormatOpus (40)
[2015.03.05-11.27.54:411][242]LogModuleManager: Shutting down and abandoning module AudioFormatOgg (39)
[2015.03.05-11.27.54:411][242]LogModuleManager: Shutting down and abandoning module AudioFormatADPCM (38)
[2015.03.05-11.27.54:411][242]LogModuleManager: Shutting down and abandoning module LinuxTargetPlatform (37)
[2015.03.05-11.27.54:411][242]LogModuleManager: Shutting down and abandoning module LinuxServerTargetPlatform (36)
[2015.03.05-11.27.54:411][242]LogModuleManager: Shutting down and abandoning module LinuxNoEditorTargetPlatform (35)
[2015.03.05-11.27.54:411][242]LogModuleManager: Shutting down and abandoning module Messaging (34)
[2015.03.05-11.27.54:411][242]LogModuleManager: Shutting down and abandoning module IOSTargetPlatform (33)
[2015.03.05-11.27.54:411][242]LogModuleManager: Shutting down and abandoning module HTML5TargetPlatform (32)
[2015.03.05-11.27.54:411][242]LogModuleManager: Shutting down and abandoning module Android_PVRTCTargetPlatform (31)
[2015.03.05-11.27.54:411][242]LogModuleManager: Shutting down and abandoning module Android_ETC2TargetPlatform (30)
[2015.03.05-11.27.54:411][242]LogModuleManager: Shutting down and abandoning module Android_ETC1TargetPlatform (29)
[2015.03.05-11.27.54:411][242]LogModuleManager: Shutting down and abandoning module Android_ES31TargetPlatform (28)
[2015.03.05-11.27.54:411][242]LogModuleManager: Shutting down and abandoning module Android_DXTTargetPlatform (27)
[2015.03.05-11.27.54:411][242]LogModuleManager: Shutting down and abandoning module Android_ATCTargetPlatform (26)
[2015.03.05-11.27.54:411][242]LogModuleManager: Shutting down and abandoning module AndroidTargetPlatform (25)
[2015.03.05-11.27.54:411][242]LogModuleManager: Shutting down and abandoning module WindowsTargetPlatform (24)
[2015.03.05-11.27.54:411][242]LogModuleManager: Shutting down and abandoning module WindowsServerTargetPlatform (23)
[2015.03.05-11.27.54:412][242]LogModuleManager: Shutting down and abandoning module WindowsNoEditorTargetPlatform (22)
[2015.03.05-11.27.54:412][242]LogModuleManager: Shutting down and abandoning module WindowsClientTargetPlatform (21)
[2015.03.05-11.27.54:412][242]LogModuleManager: Shutting down and abandoning module TargetPlatform (20)
[2015.03.05-11.27.54:412][242]LogModuleManager: Shutting down and abandoning module InputCore (19)
[2015.03.05-11.27.54:412][242]LogModuleManager: Shutting down and abandoning module Settings (18)
[2015.03.05-11.27.54:412][242]LogModuleManager: Shutting down and abandoning module OnlineSubsystem (16)
[2015.03.05-11.27.54:412][242]LogModuleManager: Shutting down and abandoning module OculusRift (15)
[2015.03.05-11.27.54:412][242]LogModuleManager: Shutting down and abandoning module ExampleDeviceProfileSelector (14)
[2015.03.05-11.27.54:412][242]LogModuleManager: Shutting down and abandoning module TextureCompressor (13)
[2015.03.05-11.27.54:412][242]LogModuleManager: Shutting down and abandoning module ShaderCore (12)
[2015.03.05-11.27.54:412][242]LogModuleManager: Shutting down and abandoning module Landscape (11)
[2015.03.05-11.27.54:412][242]LogModuleManager: Shutting down and abandoning module SlateRHIRenderer (10)
[2015.03.05-11.27.54:424][242]LogModuleManager: Shutting down and abandoning module OpenGLDrv (9)
[2015.03.05-11.27.54:424][242]LogModuleManager: Shutting down and abandoning module D3D11RHI (8)
[2015.03.05-11.27.54:424][242]LogModuleManager: Shutting down and abandoning module Renderer (7)
[2015.03.05-11.27.54:424][242]LogModuleManager: Shutting down and abandoning module Engine (6)
[2015.03.05-11.27.54:424][242]LogModuleManager: Shutting down and abandoning module CoreUObject (5)
[2015.03.05-11.27.54:424][242]LogModuleManager: Shutting down and abandoning module NetworkFile (4)
[2015.03.05-11.27.54:424][242]LogModuleManager: Shutting down and abandoning module StreamingFile (3)
[2015.03.05-11.27.54:424][242]LogModuleManager: Shutting down and abandoning module SandboxFile (2)
[2015.03.05-11.27.54:424][242]LogModuleManager: Shutting down and abandoning module PakFile (1)
[2015.03.05-11.27.54:426][242]LogExit: Exiting.
[2015.03.05-11.27.54:459][242]Log file closed, 03/05/15 20:27:54
